[22:10:39] [ServerMain/INFO]: Building unoptimized datafixer
[22:10:41] [ServerMain/INFO]: Environment: authHost='https://authserver.mojang.com', accountsHost='https://api.mojang.com', sessionHost='https://sessionserver.mojang.com', servicesHost='https://api.minecraftservices.com', name='PROD'
[22:10:42] [ServerMain/INFO]: Loaded 7 recipes
[22:10:43] [Server thread/INFO]: Starting minecraft server version 1.19.2
[22:10:43] [Server thread/INFO]: Loading properties
[22:10:43] [Server thread/INFO]: This server is running Paper version git-Paper-307 (MC: 1.19.2) (Implementing API version 1.19.2-R0.1-SNAPSHOT) (Git: 476ef25)
[22:10:44] [Server thread/INFO]: Server Ping Player Sample Count: 12
[22:10:44] [Server thread/INFO]: Using 4 threads for Netty based IO
[22:10:44] [Server thread/INFO]: [ChunkTaskScheduler] Chunk system is using 1 I/O threads, 3 worker threads, and gen parallelism of 3 threads
[22:10:44] [Server thread/INFO]: Default game type: SURVIVAL
[22:10:44] [Server thread/INFO]: Generating keypair
[22:10:44] [Server thread/INFO]: Starting Minecraft server on *:25565
[22:10:44] [Server thread/INFO]: Using default channel type
[22:10:44] [Server thread/INFO]: Paper: Using Java compression from Velocity.
[22:10:44] [Server thread/INFO]: Paper: Using Java cipher from Velocity.
[22:10:45] [Server thread/INFO]: [SkinsRestorer] Loading SkinsRestorer v14.2.5
[22:10:45] [Server thread/INFO]: [NetworkListener] Loading NetworkListener v1.0
[22:10:45] [Server thread/INFO]: Server permissions file permissions.yml is empty, ignoring it
[22:10:45] [Server thread/WARN]: **** SERVER IS RUNNING IN OFFLINE/INSECURE MODE!
[22:10:45] [Server thread/WARN]: The server will make no attempt to authenticate usernames. Beware.
[22:10:45] [Server thread/WARN]: While this makes the game possible to play without internet access, it also opens up the ability for hackers to connect with any username they choose.
[22:10:45] [Server thread/WARN]: To change this, set "online-mode" to "true" in the server.properties file.
[22:10:45] [Server thread/INFO]: Preparing level "world"
[22:10:45] [Server thread/INFO]: Preparing start region for dimension minecraft:overworld
[22:10:46] [Server thread/INFO]: Time elapsed: 118 ms
[22:10:46] [Server thread/INFO]: Preparing start region for dimension minecraft:the_nether
[22:10:46] [Server thread/INFO]: Time elapsed: 32 ms
[22:10:46] [Server thread/INFO]: Preparing start region for dimension minecraft:the_end
[22:10:46] [Server thread/INFO]: Time elapsed: 24 ms
[22:10:46] [Server thread/INFO]: [SkinsRestorer] Enabling SkinsRestorer v14.2.5
[22:10:46] [Server thread/INFO]: [33;1m[[32;22mSkinsRestorer[33;1m] [0;39m[32;1mDetected Minecraft [33;1mv1_19_R1[32;1m, using [33;1mPaperSkinRefresher[32;1m.[0;39m
[22:10:47] [Server thread/INFO]: [SkinsRestorer] [ACF] Enabled Asynchronous Tab Completion Support!
[22:10:47] [Server thread/INFO]: [33;1m[[32;22mSkinsRestorer[33;1m] [0;39mUsing paper join listener![0;39m
[22:10:47] [Server thread/INFO]: [NetworkListener] Enabling NetworkListener v1.0
[22:10:47] [Server thread/INFO]: [NetworkListener] Network listener initialized. Listening for packets.
[22:10:47] [Server thread/INFO]: Running delayed init tasks
[22:10:47] [Server thread/INFO]: Done (3.461s)! For help, type "help"
[22:10:47] [Server thread/INFO]: Timings Reset
[22:10:47] [Craft Scheduler Thread - 2 - SkinsRestorer/INFO]: [33;1m[[32;22mSkinsRestorer[33;1m] [0;39m[32;1m----------------------------------------------[0;39m
[22:10:47] [Craft Scheduler Thread - 2 - SkinsRestorer/INFO]: [33;1m[[32;22mSkinsRestorer[33;1m] [0;39m[32;1m    +==================+[0;39m
[22:10:47] [Craft Scheduler Thread - 2 - SkinsRestorer/INFO]: [33;1m[[32;22mSkinsRestorer[33;1m] [0;39m[32;1m    |   SkinsRestorer  |[0;39m
[22:10:47] [Craft Scheduler Thread - 2 - SkinsRestorer/INFO]: [33;1m[[32;22mSkinsRestorer[33;1m] [0;39m[32;1m    |------------------|[0;39m
[22:10:47] [Craft Scheduler Thread - 2 - SkinsRestorer/INFO]: [33;1m[[32;22mSkinsRestorer[33;1m] [0;39m[32;1m    |  [34;1m[4m[21mStandalone Mode[0;39m[32;1m |[0;39m
[22:10:47] [Craft Scheduler Thread - 2 - SkinsRestorer/INFO]: [33;1m[[32;22mSkinsRestorer[33;1m] [0;39m[32;1m    +==================+[0;39m
[22:10:47] [Craft Scheduler Thread - 2 - SkinsRestorer/INFO]: [33;1m[[32;22mSkinsRestorer[33;1m] [0;39m[32;1m----------------------------------------------[0;39m
[22:10:47] [Craft Scheduler Thread - 2 - SkinsRestorer/INFO]: [33;1m[[32;22mSkinsRestorer[33;1m] [0;39m[36;1m    Current version: [32;1m14.2.5[0;39m
[22:10:47] [Craft Scheduler Thread - 2 - SkinsRestorer/INFO]: [33;1m[[32;22mSkinsRestorer[33;1m] [0;39m[32;1m    This is the latest version![0;39m
[22:10:47] [Craft Scheduler Thread - 2 - SkinsRestorer/INFO]: [33;1m[[32;22mSkinsRestorer[33;1m] [0;39m[32;1m----------------------------------------------[0;39m
[23:05:16] [Server thread/INFO]: Stopping the server
[23:05:16] [Server thread/INFO]: Stopping server
[23:05:16] [Server thread/INFO]: [NetworkListener] Disabling NetworkListener v1.0
[23:05:16] [Server thread/INFO]: [SkinsRestorer] Disabling SkinsRestorer v14.2.5
[23:05:16] [Server thread/INFO]: Saving players
[23:05:16] [Server thread/INFO]: Saving worlds
[23:05:16] [Server thread/INFO]: Saving chunks for level 'ServerLevel[world]'/minecraft:overworld
[23:05:16] [Server thread/INFO]: [ChunkHolderManager] Waiting 60s for chunk system to halt for world 'world'
[23:05:16] [Server thread/INFO]: [ChunkHolderManager] Halted chunk system for world 'world'
[23:05:16] [Server thread/INFO]: [ChunkHolderManager] Saving all chunkholders for world 'world'
[23:05:16] [Server thread/INFO]: [ChunkHolderManager] Saved 5 block chunks, 104 entity chunks, 0 poi chunks in world 'world' in 0.04s
[23:05:17] [Server thread/INFO]: ThreadedAnvilChunkStorage (world): All chunks are saved
[23:05:17] [Server thread/INFO]: Saving chunks for level 'ServerLevel[world_nether]'/minecraft:the_nether
[23:05:17] [Server thread/INFO]: [ChunkHolderManager] Waiting 60s for chunk system to halt for world 'world_nether'
[23:05:17] [Server thread/INFO]: [ChunkHolderManager] Halted chunk system for world 'world_nether'
[23:05:17] [Server thread/INFO]: [ChunkHolderManager] Saving all chunkholders for world 'world_nether'
[23:05:17] [Server thread/INFO]: [ChunkHolderManager] Saved 0 block chunks, 9 entity chunks, 0 poi chunks in world 'world_nether' in 0.00s
[23:05:17] [Server thread/INFO]: ThreadedAnvilChunkStorage (DIM-1): All chunks are saved
[23:05:17] [Server thread/INFO]: Saving chunks for level 'ServerLevel[world_the_end]'/minecraft:the_end
[23:05:17] [Server thread/INFO]: [ChunkHolderManager] Waiting 60s for chunk system to halt for world 'world_the_end'
[23:05:17] [Server thread/INFO]: [ChunkHolderManager] Halted chunk system for world 'world_the_end'
[23:05:17] [Server thread/INFO]: [ChunkHolderManager] Saving all chunkholders for world 'world_the_end'
[23:05:17] [Server thread/INFO]: [ChunkHolderManager] Saved 10 block chunks, 10 entity chunks, 0 poi chunks in world 'world_the_end' in 0.01s
[23:05:17] [Server thread/INFO]: ThreadedAnvilChunkStorage (DIM1): All chunks are saved
[23:05:17] [Server thread/INFO]: ThreadedAnvilChunkStorage: All dimensions are saved
[23:05:17] [Server thread/INFO]: Flushing Chunk IO
[23:05:17] [Server thread/INFO]: Closing Thread Pool
[23:05:17] [Server thread/INFO]: Closing Server
